Rufus x64 v4.2.2074 (Portable)
Windows version: Windows 11 Home Single Language x64 (Build 22621.2283)
Syslinux versions: 4.07/2013-07-25, 6.04/pre1
Grub versions: 0.4.6a, 2.06
System locale ID: 0x0C0A (es-ES)
Will use default UI locale 0x0C0A
SetLGP: Successfully set NoDriveTypeAutorun policy to 0x0000009E
Localization set to 'es-ES'
Found 517 officially revoked UEFI bootloaders from embedded list
Found 2351 additional revoked UEFI bootloaders from this system's SKUSiPolicy.p7b
0 devices found
Found USB 2.0 device 'Generic Flash Disk USB Device' (058F:6387)
Using 'autorun.inf' label for drive E: 'Bienvenida al Bachillerato'
Found USB 2.0 device 'Generic Flash Disk USB Device' (058F:6387)
2 devices found
Disk type: Removable, Disk size: 3.7GB, Sector size: 512 bytes
Cylinders: 449, Tracks per cylinder: 255, Sectors per track: 63
Partition type: MBR, NB Partitions: 1
Disk ID: 0x62EBA311
Drive has an unknown Master Boot Record
Partition 1:
  Type: FAT32 (0x0b)
  Detected File System: FAT32
  Size: 3.4 GB (3699990528 bytes)
  Start Sector: 2240, Boot: No
Found USB 2.0 device 'Generic Flash Disk USB Device' (058F:6387)
Using 'autorun.inf' label for drive E: 'Bienvenida al Bachillerato'
Found USB 2.0 device 'Generic Flash Disk USB Device' (058F:6387)
2 devices found
Disk type: Removable, Disk size: 3.7GB, Sector size: 512 bytes
Cylinders: 449, Tracks per cylinder: 255, Sectors per track: 63
Partition type: MBR, NB Partitions: 1
Disk ID: 0x62EBA311
Drive has an unknown Master Boot Record
Partition 1:
  Type: FAT32 (0x0b)
  Detected File System: FAT32
  Size: 3.4 GB (3699990528 bytes)
  Start Sector: 2240, Boot: No
0 devices found
